# JRE version: Java(TM) SE Runtime Environment (12.0.1+12) (build 12.0.1+12)
# Java VM: Java HotSpot(TM) 64-Bit Server VM (12.0.1+12, mixed mode, sharing, tiered, compressed oops, g1 gc, windows-amd64)
Heap:
 garbage-first heap   total 568320K, used 889K [0x0000000080a00000, 0x0000000100000000)
  region size 1024K, 1 young (1024K), 1 survivors (1024K)
 Metaspace       used 668K, capacity 4610K, committed 4864K, reserved 1056768K
  class space    used 52K, capacity 404K, committed 512K, reserved 1048576K
GC Heap History (10 events):
Event: 3847.403 GC heap after
{Heap after GC invocations=32379 (full 0):
 garbage-first heap   total 273408K, used 893K [0x0000000080a00000, 0x0000000100000000)
  region size 1024K, 1 young (1024K), 1 survivors (1024K)
 Metaspace       used 668K, capacity 4610K, committed 4864K, reserved 1056768K
  class space    used 52K, capacity 404K, committed 512K, reserved 1048576K
}
Event: 3847.495 GC heap before
{Heap before GC invocations=32379 (full 0):
 garbage-first heap   total 273408K, used 163709K [0x0000000080a00000, 0x0000000100000000)
  region size 1024K, 160 young (163840K), 1 survivors (1024K)
 Metaspace       used 668K, capacity 4610K, committed 4864K, reserved 1056768K
  class space    used 52K, capacity 404K, committed 512K, reserved 1048576K
}
Event: 3847.496 GC heap after
{Heap after GC invocations=32380 (full 0):
 garbage-first heap   total 273408K, used 889K [0x0000000080a00000, 0x0000000100000000)
  region size 1024K, 1 young (1024K), 1 survivors (1024K)
 Metaspace       used 668K, capacity 4610K, committed 4864K, reserved 1056768K
  class space    used 52K, capacity 404K, committed 512K, reserved 1048576K
}
Event: 3847.588 GC heap before
{Heap before GC invocations=32380 (full 0):
 garbage-first heap   total 273408K, used 163705K [0x0000000080a00000, 0x0000000100000000)
  region size 1024K, 160 young (163840K), 1 survivors (1024K)
 Metaspace       used 668K, capacity 4610K, committed 4864K, reserved 1056768K
  class space    used 52K, capacity 404K, committed 512K, reserved 1048576K
}
Event: 3847.589 GC heap after
{Heap after GC invocations=32381 (full 0):
 garbage-first heap   total 273408K, used 893K [0x0000000080a00000, 0x0000000100000000)
  region size 1024K, 1 young (1024K), 1 survivors (1024K)
 Metaspace       used 668K, capacity 4610K, committed 4864K, reserved 1056768K
  class space    used 52K, capacity 404K, committed 512K, reserved 1048576K
}
Event: 3847.681 GC heap before
{Heap before GC invocations=32381 (full 0):
 garbage-first heap   total 273408K, used 163709K [0x0000000080a00000, 0x0000000100000000)
  region size 1024K, 160 young (163840K), 1 survivors (1024K)
 Metaspace       used 668K, capacity 4610K, committed 4864K, reserved 1056768K
  class space    used 52K, capacity 404K, committed 512K, reserved 1048576K
}
Event: 3847.681 GC heap after
{Heap after GC invocations=32382 (full 0):
 garbage-first heap   total 273408K, used 891K [0x0000000080a00000, 0x0000000100000000)
  region size 1024K, 1 young (1024K), 1 survivors (1024K)
 Metaspace       used 668K, capacity 4610K, committed 4864K, reserved 1056768K
  class space    used 52K, capacity 404K, committed 512K, reserved 1048576K
}
Event: 3847.781 GC heap before
{Heap before GC invocations=32382 (full 0):
 garbage-first heap   total 273408K, used 163707K [0x0000000080a00000, 0x0000000100000000)
  region size 1024K, 160 young (163840K), 1 survivors (1024K)
 Metaspace       used 668K, capacity 4610K, committed 4864K, reserved 1056768K
  class space    used 52K, capacity 404K, committed 512K, reserved 1048576K
}
Event: 3847.781 GC heap after
{Heap after GC invocations=32383 (full 0):
 garbage-first heap   total 273408K, used 891K [0x0000000080a00000, 0x0000000100000000)
  region size 1024K, 1 young (1024K), 1 survivors (1024K)
 Metaspace       used 668K, capacity 4610K, committed 4864K, reserved 1056768K
  class space    used 52K, capacity 404K, committed 512K, reserved 1048576K
}
Event: 3847.870 GC heap before
{Heap before GC invocations=32383 (full 0):
 garbage-first heap   total 273408K, used 163707K [0x0000000080a00000, 0x0000000100000000)
  region size 1024K, 160 young (163840K), 1 survivors (1024K)
 Metaspace       used 668K, capacity 4610K, committed 4864K, reserved 1056768K
  class space    used 52K, capacity 404K, committed 512K, reserved 1048576K
}

