# JRE version: Java(TM) SE Runtime Environment (12.0.1+12) (build 12.0.1+12)
# Java VM: Java HotSpot(TM) 64-Bit Server VM (12.0.1+12, mixed mode, sharing, tiered, compressed oops, g1 gc, windows-amd64)
Heap:
 garbage-first heap   total 1069056K, used 890K [0x0000000080a00000, 0x0000000100000000)
  region size 1024K, 1 young (1024K), 1 survivors (1024K)
 Metaspace       used 669K, capacity 4610K, committed 4864K, reserved 1056768K
  class space    used 52K, capacity 404K, committed 512K, reserved 1048576K
GC Heap History (10 events):
Event: 3894.227 GC heap after
{Heap after GC invocations=31379 (full 0):
 garbage-first heap   total 390144K, used 892K [0x0000000080a00000, 0x0000000100000000)
  region size 1024K, 1 young (1024K), 1 survivors (1024K)
 Metaspace       used 669K, capacity 4610K, committed 4864K, reserved 1056768K
  class space    used 52K, capacity 404K, committed 512K, reserved 1048576K
}
Event: 3894.238 GC heap before
{Heap before GC invocations=31379 (full 0):
 garbage-first heap   total 390144K, used 19324K [0x0000000080a00000, 0x0000000100000000)
  region size 1024K, 19 young (19456K), 1 survivors (1024K)
 Metaspace       used 669K, capacity 4610K, committed 4864K, reserved 1056768K
  class space    used 52K, capacity 404K, committed 512K, reserved 1048576K
}
Event: 3894.238 GC heap after
{Heap after GC invocations=31380 (full 0):
 garbage-first heap   total 390144K, used 890K [0x0000000080a00000, 0x0000000100000000)
  region size 1024K, 1 young (1024K), 1 survivors (1024K)
 Metaspace       used 669K, capacity 4610K, committed 4864K, reserved 1056768K
  class space    used 52K, capacity 404K, committed 512K, reserved 1048576K
}
Event: 3894.249 GC heap before
{Heap before GC invocations=31380 (full 0):
 garbage-first heap   total 390144K, used 19322K [0x0000000080a00000, 0x0000000100000000)
  region size 1024K, 19 young (19456K), 1 survivors (1024K)
 Metaspace       used 669K, capacity 4610K, committed 4864K, reserved 1056768K
  class space    used 52K, capacity 404K, committed 512K, reserved 1048576K
}
Event: 3894.288 GC heap after
{Heap after GC invocations=31381 (full 0):
 garbage-first heap   total 390144K, used 892K [0x0000000080a00000, 0x0000000100000000)
  region size 1024K, 1 young (1024K), 1 survivors (1024K)
 Metaspace       used 669K, capacity 4610K, committed 4864K, reserved 1056768K
  class space    used 52K, capacity 404K, committed 512K, reserved 1048576K
}
Event: 3894.299 GC heap before
{Heap before GC invocations=31381 (full 0):
 garbage-first heap   total 390144K, used 19324K [0x0000000080a00000, 0x0000000100000000)
  region size 1024K, 19 young (19456K), 1 survivors (1024K)
 Metaspace       used 669K, capacity 4610K, committed 4864K, reserved 1056768K
  class space    used 52K, capacity 404K, committed 512K, reserved 1048576K
}
Event: 3894.299 GC heap after
{Heap after GC invocations=31382 (full 0):
 garbage-first heap   total 390144K, used 890K [0x0000000080a00000, 0x0000000100000000)
  region size 1024K, 1 young (1024K), 1 survivors (1024K)
 Metaspace       used 669K, capacity 4610K, committed 4864K, reserved 1056768K
  class space    used 52K, capacity 404K, committed 512K, reserved 1048576K
}
Event: 3894.310 GC heap before
{Heap before GC invocations=31382 (full 0):
 garbage-first heap   total 390144K, used 19322K [0x0000000080a00000, 0x0000000100000000)
  region size 1024K, 19 young (19456K), 1 survivors (1024K)
 Metaspace       used 669K, capacity 4610K, committed 4864K, reserved 1056768K
  class space    used 52K, capacity 404K, committed 512K, reserved 1048576K
}
Event: 3894.310 GC heap after
{Heap after GC invocations=31383 (full 0):
 garbage-first heap   total 390144K, used 890K [0x0000000080a00000, 0x0000000100000000)
  region size 1024K, 1 young (1024K), 1 survivors (1024K)
 Metaspace       used 669K, capacity 4610K, committed 4864K, reserved 1056768K
  class space    used 52K, capacity 404K, committed 512K, reserved 1048576K
}
Event: 3894.321 GC heap before
{Heap before GC invocations=31383 (full 0):
 garbage-first heap   total 390144K, used 19322K [0x0000000080a00000, 0x0000000100000000)
  region size 1024K, 19 young (19456K), 1 survivors (1024K)
 Metaspace       used 669K, capacity 4610K, committed 4864K, reserved 1056768K
  class space    used 52K, capacity 404K, committed 512K, reserved 1048576K
}

