# JRE version: Java(TM) SE Runtime Environment (12.0.1+12) (build 12.0.1+12)
# Java VM: Java HotSpot(TM) 64-Bit Server VM (12.0.1+12, mixed mode, sharing, tiered, compressed oops, g1 gc, windows-amd64)
Heap:
 garbage-first heap   total 1178624K, used 369664K [0x0000000080a00000, 0x0000000100000000)
  region size 1024K, 4 young (4096K), 4 survivors (4096K)
 Metaspace       used 677K, capacity 4603K, committed 4864K, reserved 1056768K
  class space    used 49K, capacity 402K, committed 512K, reserved 1048576K
GC Heap History (10 events):
Event: 2.988 GC heap after
{Heap after GC invocations=9 (full 0):
 garbage-first heap   total 260096K, used 165376K [0x0000000080a00000, 0x0000000100000000)
  region size 1024K, 4 young (4096K), 4 survivors (4096K)
 Metaspace       used 663K, capacity 4603K, committed 4864K, reserved 1056768K
  class space    used 49K, capacity 402K, committed 512K, reserved 1048576K
}
Event: 3.071 GC heap before
{Heap before GC invocations=10 (full 0):
 garbage-first heap   total 260096K, used 187904K [0x0000000080a00000, 0x0000000100000000)
  region size 1024K, 26 young (26624K), 4 survivors (4096K)
 Metaspace       used 663K, capacity 4603K, committed 4864K, reserved 1056768K
  class space    used 49K, capacity 402K, committed 512K, reserved 1048576K
}
Event: 3.105 GC heap after
{Heap after GC invocations=11 (full 0):
 garbage-first heap   total 520192K, used 185856K [0x0000000080a00000, 0x0000000100000000)
  region size 1024K, 4 young (4096K), 4 survivors (4096K)
 Metaspace       used 663K, capacity 4603K, committed 4864K, reserved 1056768K
  class space    used 49K, capacity 402K, committed 512K, reserved 1048576K
}
Event: 5.397 GC heap before
{Heap before GC invocations=11 (full 0):
 garbage-first heap   total 520192K, used 275968K [0x0000000080a00000, 0x0000000100000000)
  region size 1024K, 81 young (82944K), 4 survivors (4096K)
 Metaspace       used 674K, capacity 4603K, committed 4864K, reserved 1056768K
  class space    used 49K, capacity 402K, committed 512K, reserved 1048576K
}
Event: 5.527 GC heap after
{Heap after GC invocations=12 (full 0):
 garbage-first heap   total 520192K, used 265157K [0x0000000080a00000, 0x0000000100000000)
  region size 1024K, 11 young (11264K), 11 survivors (11264K)
 Metaspace       used 674K, capacity 4603K, committed 4864K, reserved 1056768K
  class space    used 49K, capacity 402K, committed 512K, reserved 1048576K
}
Event: 5.598 GC heap before
{Heap before GC invocations=12 (full 0):
 garbage-first heap   total 520192K, used 329669K [0x0000000080a00000, 0x0000000100000000)
  region size 1024K, 74 young (75776K), 11 survivors (11264K)
 Metaspace       used 677K, capacity 4603K, committed 4864K, reserved 1056768K
  class space    used 49K, capacity 402K, committed 512K, reserved 1048576K
}
Event: 6.353 GC heap after
{Heap after GC invocations=13 (full 0):
 garbage-first heap   total 520192K, used 323072K [0x0000000080a00000, 0x0000000100000000)
  region size 1024K, 10 young (10240K), 10 survivors (10240K)
 Metaspace       used 677K, capacity 4603K, committed 4864K, reserved 1056768K
  class space    used 49K, capacity 402K, committed 512K, reserved 1048576K
}
Event: 19.568 GC heap before
{Heap before GC invocations=13 (full 0):
 garbage-first heap   total 572416K, used 349696K [0x0000000080a00000, 0x0000000100000000)
  region size 1024K, 32 young (32768K), 10 survivors (10240K)
 Metaspace       used 677K, capacity 4603K, committed 4864K, reserved 1056768K
  class space    used 49K, capacity 402K, committed 512K, reserved 1048576K
}
Event: 23.809 GC heap after
{Heap after GC invocations=14 (full 0):
 garbage-first heap   total 572416K, used 348160K [0x0000000080a00000, 0x0000000100000000)
  region size 1024K, 4 young (4096K), 4 survivors (4096K)
 Metaspace       used 677K, capacity 4603K, committed 4864K, reserved 1056768K
  class space    used 49K, capacity 402K, committed 512K, reserved 1048576K
}
Event: 26.366 GC heap before
{Heap before GC invocations=15 (full 0):
 garbage-first heap   total 572416K, used 371712K [0x0000000080a00000, 0x0000000100000000)
  region size 1024K, 27 young (27648K), 4 survivors (4096K)
 Metaspace       used 677K, capacity 4603K, committed 4864K, reserved 1056768K
  class space    used 49K, capacity 402K, committed 512K, reserved 1048576K
}

